{"/Users/jackson/Desktop/react-components/src/Account/Account.tsx": {"path":"/Users/jackson/Desktop/react-components/src/Account/Account.tsx","statementMap":{"0":{"start":{"line":3,"column":16},"end":{"line":10,"column":1}},"1":{"start":{"line":4,"column":4},"end":{"line":9,"column":6}}},"fnMap":{"0":{"name":"(anonymous_0)","decl":{"start":{"line":3,"column":16},"end":{"line":3,"column":17}},"loc":{"start":{"line":3,"column":64},"end":{"line":10,"column":1}},"line":3}},"branchMap":{},"s":{"0":1,"1":2},"f":{"0":2},"b":{},"_coverageSchema":"1a1c01bbd47fc00a2c39e90264f33305004495a9","hash":"2191da1288764b1f4822dca72cabfc1faeb5dfc7"}
,"/Users/jackson/Desktop/react-components/src/cal/cal.ts": {"path":"/Users/jackson/Desktop/react-components/src/cal/cal.ts","statementMap":{"0":{"start":{"line":1,"column":19},"end":{"line":3,"column":1}},"1":{"start":{"line":2,"column":4},"end":{"line":2,"column":16}}},"fnMap":{"0":{"name":"(anonymous_0)","decl":{"start":{"line":1,"column":19},"end":{"line":1,"column":20}},"loc":{"start":{"line":1,"column":45},"end":{"line":3,"column":1}},"line":1}},"branchMap":{},"s":{"0":1,"1":1},"f":{"0":1},"b":{},"_coverageSchema":"1a1c01bbd47fc00a2c39e90264f33305004495a9","hash":"4eb2474f8b12075208af074f9cbdb4c9a06f3dc2"}
,"/Users/jackson/Desktop/react-components/src/components/ToggleButton/ToggleButton.tsx": {"path":"/Users/jackson/Desktop/react-components/src/components/ToggleButton/ToggleButton.tsx","statementMap":{"0":{"start":{"line":6,"column":28},"end":{"line":6,"column":46}},"1":{"start":{"line":8,"column":4},"end":{"line":8,"column":68}}},"fnMap":{"0":{"name":"ToggleButton","decl":{"start":{"line":5,"column":9},"end":{"line":5,"column":21}},"loc":{"start":{"line":5,"column":43},"end":{"line":9,"column":1}},"line":5}},"branchMap":{"0":{"loc":{"start":{"line":5,"column":24},"end":{"line":5,"column":39}},"type":"default-arg","locations":[{"start":{"line":5,"column":34},"end":{"line":5,"column":39}}],"line":5},"1":{"loc":{"start":{"line":8,"column":37},"end":{"line":8,"column":57}},"type":"cond-expr","locations":[{"start":{"line":8,"column":45},"end":{"line":8,"column":49}},{"start":{"line":8,"column":52},"end":{"line":8,"column":57}}],"line":8}},"s":{"0":3,"1":3},"f":{"0":3},"b":{"0":[2],"1":[2,1]},"_coverageSchema":"1a1c01bbd47fc00a2c39e90264f33305004495a9","hash":"99bd9ff50ea89f1ff95c308584ab8c80f2b4826b"}
,"/Users/jackson/Desktop/react-components/src/hooks/useToggle/useToggle.ts": {"path":"/Users/jackson/Desktop/react-components/src/hooks/useToggle/useToggle.ts","statementMap":{"0":{"start":{"line":3,"column":18},"end":{"line":7,"column":1}},"1":{"start":{"line":4,"column":30},"end":{"line":4,"column":52}},"2":{"start":{"line":5,"column":19},"end":{"line":5,"column":74}},"3":{"start":{"line":5,"column":37},"end":{"line":5,"column":69}},"4":{"start":{"line":5,"column":62},"end":{"line":5,"column":68}},"5":{"start":{"line":6,"column":4},"end":{"line":6,"column":27}}},"fnMap":{"0":{"name":"(anonymous_0)","decl":{"start":{"line":3,"column":18},"end":{"line":3,"column":19}},"loc":{"start":{"line":3,"column":49},"end":{"line":7,"column":1}},"line":3},"1":{"name":"(anonymous_1)","decl":{"start":{"line":5,"column":31},"end":{"line":5,"column":32}},"loc":{"start":{"line":5,"column":37},"end":{"line":5,"column":69}},"line":5},"2":{"name":"(anonymous_2)","decl":{"start":{"line":5,"column":46},"end":{"line":5,"column":47}},"loc":{"start":{"line":5,"column":62},"end":{"line":5,"column":68}},"line":5}},"branchMap":{"0":{"loc":{"start":{"line":3,"column":19},"end":{"line":3,"column":39}},"type":"default-arg","locations":[{"start":{"line":3,"column":34},"end":{"line":3,"column":39}}],"line":3}},"s":{"0":2,"1":6,"2":6,"3":2,"4":2,"5":6},"f":{"0":6,"1":2,"2":2},"b":{"0":[2]},"_coverageSchema":"1a1c01bbd47fc00a2c39e90264f33305004495a9","hash":"a34b9a09018cccd5dee9deb883b8a225bf8a361f"}
}
